#
# A fatal error has been detected by the Java Runtime Environment:
#
#  SIGSEGV (0xb) at pc=0xb586c4a3, pid=2740, tid=3078785904
#
# JRE version: 6.0_23-b23
# Java VM: OpenJDK Client VM (20.0-b11 mixed mode, sharing linux-x86 )
# Derivative: IcedTea6 1.11pre
# Distribution: Ubuntu oneiric (development branch), package 6b23~pre10-0ubuntu5
# Problematic frame:
# J  com.sun.imageio.plugins.gif.GIFImageReader.outputPixels([BI)V
#
# If you would like to submit a bug report, please include
# instructions how to reproduce the bug and visit:
#   https://bugs.launchpad.net/ubuntu/+source/openjdk-6/
#

---------------  T H R E A D  ---------------

Current thread (0x098f5000):  JavaThread "main" [_thread_in_Java, id=2744, stack(0xb77d8000,0xb7829000)]

siginfo:si_signo=SIGSEGV: si_errno=0, si_code=128 (), si_addr=0x00000000

Registers:
EAX=0x00000002, EBX=0xb7827e80, ECX=0x70f1d038, EDX=0x00000000
ESP=0xb7827e80, EBP=0xb7827fc4, ESI=0x70f1d038, EDI=0x00000001
EIP=0xb586c4a3, EFLAGS=0x00010202, CR2=0x00000000

Top of Stack: (sp=0xb7827e80)
0xb7827e80:   70f1d038 b7827e84 70f1d038 00000127
0xb7827e90:   70f1d038 00000009 70f2fec0 00000000
0xb7827ea0:   70f1e9e8 b7827fc4 b7827fc4 b58720b8
0xb7827eb0:   00000019 70f2aea0 70f2beb0 70f1e8c8
0xb7827ec0:   b57e8881 098f5000 943b73d0 0000000c
0xb7827ed0:   0000000a 70f1d2d8 70f1d2c0 b7827edc
0xb7827ee0:   00000000 70f1d038 943b78a0 70f1d258
0xb7827ef0:   70f1e828 000000ac 0000009d 70f1e8b0 

Instructions: (pc=0xb586c4a3)
0xb586c483:   00 00 00 33 d2 83 ff ff 0f 84 03 00 00 00 99 f7
0xb586c493:   ff 03 f0 89 b1 88 00 00 00 8b f1 8b ce 90 90 90
0xb586c4a3:   e8 a8 c2 00 00 8b 74 24 14 46 85 05 00 d1 83 b7
0xb586c4b3:   8b 7c 24 30 8b 54 24 18 8b 4c 24 10 e9 34 fe ff 

Register to memory mapping:

EAX=0x00000002 is an unknown value
EBX=0xb7827e80 is pointing into the stack for thread: 0x098f5000
ECX=
[error occurred during error reporting (printing register info), id 0xb]

Stack: [0xb77d8000,0xb7829000],  sp=0xb7827e80,  free space=319k
Native frames: (J=compiled Java code, j=interpreted, Vv=VM code, C=native code)
J  com.sun.imageio.plugins.gif.GIFImageReader.outputPixels([BI)V
j  javax.imageio.ImageIO.read(Ljava/io/File;)Ljava/awt/image/BufferedImage;+51
j  net.bplaced.programmierung.schach.gui.ChessPanel.<init>(I)V+413
j  net.bplaced.programmierung.schach.gui.ChessFrame.<init>()V+25
j  net.bplaced.programmierung.schach.Start.main([Ljava/lang/String;)V+17
v  ~StubRoutines::call_stub
V  [libjvm.so+0x20fa96]  JavaCalls::call_helper(JavaValue*, methodHandle*, JavaCallArguments*, Thread*)+0x2c6


---------------  P R O C E S S  ---------------

Java Threads: ( => current thread )
  0x099b1000 JavaThread "AWT-XAWT" daemon [_thread_in_native, id=2754, stack(0xb4b6a000,0xb4bbb000)]
  0x0997e800 JavaThread "Java2D Disposer" daemon [_thread_blocked, id=2753, stack(0xb4c52000,0xb4ca3000)]
  0x0992f800 JavaThread "Low Memory Detector" daemon [_thread_blocked, id=2751, stack(0xb4d2c000,0xb4d7d000)]
  0x0992d800 JavaThread "C1 CompilerThread0" daemon [_thread_blocked, id=2750, stack(0xb5201000,0xb5282000)]
  0x0992bc00 JavaThread "Signal Dispatcher" daemon [_thread_blocked, id=2749, stack(0xb5282000,0xb52d3000)]
  0x09927c00 JavaThread "Finalizer" daemon [_thread_blocked, id=2748, stack(0xb50af000,0xb5100000)]
  0x09923000 JavaThread "Reference Handler" daemon [_thread_blocked, id=2747, stack(0xb52d3000,0xb5324000)]
=>0x098f5000 JavaThread "main" [_thread_in_Java, id=2744, stack(0xb77d8000,0xb7829000)]

Other Threads:
  0x09921400 VMThread [stack: 0xb5324000,0xb53a5000] [id=2746]
  0x09931c00 WatcherThread [stack: 0xb4cab000,0xb4d2c000] [id=2752]

VM state:not at safepoint (normal execution)

VM Mutex/Monitor currently owned by a thread: None

Heap
 def new generation   total 4736K, used 4163K [0x70b20000, 0x71040000, 0x7afc0000)
  eden space 4224K,  98% used [0x70b20000, 0x70f30ed0, 0x70f40000)
  from space 512K,   0% used [0x70f40000, 0x70f40000, 0x70fc0000)
  to   space 512K,   0% used [0x70fc0000, 0x70fc0000, 0x71040000)
 tenured generation   total 10560K, used 0K [0x7afc0000, 0x7ba10000, 0x8f920000)
   the space 10560K,   0% used [0x7afc0000, 0x7afc0000, 0x7afc0200, 0x7ba10000)
 compacting perm gen  total 12288K, used 1123K [0x8f920000, 0x90520000, 0x93920000)
   the space 12288K,   9% used [0x8f920000, 0x8fa38c78, 0x8fa38e00, 0x90520000)
    ro space 10240K,  73% used [0x93920000, 0x94080130, 0x94080200, 0x94320000)
    rw space 12288K,  60% used [0x94320000, 0x94a69b28, 0x94a69c00, 0x94f20000)

Code Cache  [0xb57d8000, 0xb5880000, 0xb77d8000)
 total_blobs=300 nmethods=80 adapters=156 free_code_cache=32893312 largest_free_block=64

Dynamic libraries:
00110000-00117000 r-xp 00000000 08:05 1045479    /lib/i386-linux-gnu/librt-2.13.so
00117000-00118000 r--p 00006000 08:05 1045479    /lib/i386-linux-gnu/librt-2.13.so
00118000-00119000 rw-p 00007000 08:05 1045479    /lib/i386-linux-gnu/librt-2.13.so
00119000-00124000 r-xp 00000000 08:05 1189206    /usr/lib/jvm/java-6-openjdk/jre/lib/i386/libverify.so
00124000-00125000 ---p 0000b000 08:05 1189206    /usr/lib/jvm/java-6-openjdk/jre/lib/i386/libverify.so
00125000-00126000 r--p 0000b000 08:05 1189206    /usr/lib/jvm/java-6-openjdk/jre/lib/i386/libverify.so
00126000-00127000 rw-p 0000c000 08:05 1189206    /usr/lib/jvm/java-6-openjdk/jre/lib/i386/libverify.so
00127000-0014d000 r-xp 00000000 08:05 1189190    /usr/lib/jvm/java-6-openjdk/jre/lib/i386/libjava.so
0014d000-0014e000 r--p 00025000 08:05 1189190    /usr/lib/jvm/java-6-openjdk/jre/lib/i386/libjava.so
0014e000-00150000 rw-p 00026000 08:05 1189190    /usr/lib/jvm/java-6-openjdk/jre/lib/i386/libjava.so
00150000-00157000 r-xp 00000000 08:05 1189207    /usr/lib/jvm/java-6-openjdk/jre/lib/i386/libzip.so
00157000-00158000 r--p 00006000 08:05 1189207    /usr/lib/jvm/java-6-openjdk/jre/lib/i386/libzip.so
00158000-00159000 rw-p 00007000 08:05 1189207    /usr/lib/jvm/java-6-openjdk/jre/lib/i386/libzip.so
00159000-0015e000 r-xp 00000000 08:05 1177662    /usr/lib/libXtst.so.6.1.0
0015e000-0015f000 r--p 00004000 08:05 1177662    /usr/lib/libXtst.so.6.1.0
0015f000-00160000 rw-p 00005000 08:05 1177662    /usr/lib/libXtst.so.6.1.0
00160000-00165000 r-xp 00000000 08:05 1180070    /usr/lib/i386-linux-gnu/libXdmcp.so.6.0.0
00165000-00166000 r--p 00004000 08:05 1180070    /usr/lib/i386-linux-gnu/libXdmcp.so.6.0.0
00166000-00167000 rw-p 00005000 08:05 1180070    /usr/lib/i386-linux-gnu/libXdmcp.so.6.0.0
00167000-0016b000 r-xp 00000000 08:05 1180074    /usr/lib/i386-linux-gnu/libXfixes.so.3.1.0
0016b000-0016c000 r--p 00003000 08:05 1180074    /usr/lib/i386-linux-gnu/libXfixes.so.3.1.0
0016c000-0016d000 rw-p 00004000 08:05 1180074    /usr/lib/i386-linux-gnu/libXfixes.so.3.1.0
00172000-00185000 r-xp 00000000 08:05 1045498    /lib/i386-linux-gnu/libz.so.1.2.3.4
00185000-00186000 r--p 00012000 08:05 1045498    /lib/i386-linux-gnu/libz.so.1.2.3.4
00186000-00187000 rw-p 00013000 08:05 1045498    /lib/i386-linux-gnu/libz.so.1.2.3.4
00187000-00191000 r-xp 00000000 08:05 1189194    /usr/lib/jvm/java-6-openjdk/jre/lib/i386/libjpeg.so
00191000-00192000 r--p 00009000 08:05 1189194    /usr/lib/jvm/java-6-openjdk/jre/lib/i386/libjpeg.so
00192000-00193000 rw-p 0000a000 08:05 1189194    /usr/lib/jvm/java-6-openjdk/jre/lib/i386/libjpeg.so
001bb000-001d9000 r-xp 00000000 08:05 1045402    /lib/i386-linux-gnu/ld-2.13.so
001d9000-001da000 r--p 0001d000 08:05 1045402    /lib/i386-linux-gnu/ld-2.13.so
001da000-001db000 rw-p 0001e000 08:05 1045402    /lib/i386-linux-gnu/ld-2.13.so
001db000-0026e000 r-xp 00000000 08:05 1189181    /usr/lib/jvm/java-6-openjdk/jre/lib/i386/libawt.so
0026e000-0026f000 r--p 00092000 08:05 1189181    /usr/lib/jvm/java-6-openjdk/jre/lib/i386/libawt.so
0026f000-00276000 rw-p 00093000 08:05 1189181    /usr/lib/jvm/java-6-openjdk/jre/lib/i386/libawt.so
00276000-0029a000 rw-p 00000000 00:00 0 
002db000-002de000 r-xp 00000000 08:05 1045426    /lib/i386-linux-gnu/libdl-2.13.so
002de000-002df000 r--p 00002000 08:05 1045426    /lib/i386-linux-gnu/libdl-2.13.so
002df000-002e0000 rw-p 00003000 08:05 1045426    /lib/i386-linux-gnu/libdl-2.13.so
002e0000-0032c000 r-xp 00000000 08:05 1189829    /usr/lib/jvm/java-6-openjdk/jre/lib/i386/xawt/libmawt.so
0032c000-0032d000 r--p 0004b000 08:05 1189829    /usr/lib/jvm/java-6-openjdk/jre/lib/i386/xawt/libmawt.so
0032d000-0032f000 rw-p 0004c000 08:05 1189829    /usr/lib/jvm/java-6-openjdk/jre/lib/i386/xawt/libmawt.so
0032f000-00330000 rw-p 00000000 00:00 0 
00330000-00461000 r-xp 00000000 08:05 1180060    /usr/lib/i386-linux-gnu/libX11.so.6.3.0
00461000-00462000 ---p 00131000 08:05 1180060    /usr/lib/i386-linux-gnu/libX11.so.6.3.0
00462000-00463000 r--p 00131000 08:05 1180060    /usr/lib/i386-linux-gnu/libX11.so.6.3.0
00463000-00465000 rw-p 00132000 08:05 1180060    /usr/lib/i386-linux-gnu/libX11.so.6.3.0
00465000-00466000 rw-p 00000000 00:00 0 
004a8000-004e2000 r-xp 00000000 08:05 1189183    /usr/lib/jvm/java-6-openjdk/jre/lib/i386/libfontmanager.so
004e2000-004e3000 r--p 00039000 08:05 1189183    /usr/lib/jvm/java-6-openjdk/jre/lib/i386/libfontmanager.so
004e3000-004e4000 rw-p 0003a000 08:05 1189183    /usr/lib/jvm/java-6-openjdk/jre/lib/i386/libfontmanager.so
00543000-0054e000 r-xp 00000000 08:05 1045456    /lib/i386-linux-gnu/libnss_files-2.13.so
0054e000-0054f000 r--p 0000a000 08:05 1045456    /lib/i386-linux-gnu/libnss_files-2.13.so
0054f000-00550000 rw-p 0000b000 08:05 1045456    /lib/i386-linux-gnu/libnss_files-2.13.so
00589000-00593000 r-xp 00000000 08:05 1045460    /lib/i386-linux-gnu/libnss_nis-2.13.so
00593000-00594000 r--p 00009000 08:05 1045460    /lib/i386-linux-gnu/libnss_nis-2.13.so
00594000-00595000 rw-p 0000a000 08:05 1045460    /lib/i386-linux-gnu/libnss_nis-2.13.so
00595000-00626000 r-xp 00000000 08:05 1180165    /usr/lib/i386-linux-gnu/libfreetype.so.6.6.2
00626000-00627000 ---p 00091000 08:05 1180165    /usr/lib/i386-linux-gnu/libfreetype.so.6.6.2
00627000-0062b000 r--p 00091000 08:05 1180165    /usr/lib/i386-linux-gnu/libfreetype.so.6.6.2
0062b000-0062c000 rw-p 00095000 08:05 1180165    /usr/lib/i386-linux-gnu/libfreetype.so.6.6.2
00640000-007b6000 r-xp 00000000 08:05 1045415    /lib/i386-linux-gnu/libc-2.13.so
007b6000-007b8000 r--p 00176000 08:05 1045415    /lib/i386-linux-gnu/libc-2.13.so
007b8000-007b9000 rw-p 00178000 08:05 1045415    /lib/i386-linux-gnu/libc-2.13.so
007b9000-007bc000 rw-p 00000000 00:00 0 
0081d000-0081e000 r-xp 00000000 00:00 0          [vdso]
00883000-00894000 r-xp 00000000 08:05 1180072    /usr/lib/i386-linux-gnu/libXext.so.6.4.0
00894000-00895000 r--p 00010000 08:05 1180072    /usr/lib/i386-linux-gnu/libXext.so.6.4.0
00895000-00896000 rw-p 00011000 08:05 1180072    /usr/lib/i386-linux-gnu/libXext.so.6.4.0
00921000-00955000 r-xp 00000000 08:05 1189197    /usr/lib/jvm/java-6-openjdk/jre/lib/i386/liblcms.so
00955000-00956000 r--p 00033000 08:05 1189197    /usr/lib/jvm/java-6-openjdk/jre/lib/i386/liblcms.so
00956000-00957000 rw-p 00034000 08:05 1189197    /usr/lib/jvm/java-6-openjdk/jre/lib/i386/liblcms.so
00957000-00959000 rw-p 00000000 00:00 0 
009ab000-009c8000 r-xp 00000000 08:05 1180358    /usr/lib/i386-linux-gnu/libxcb.so.1.1.0
009c8000-009c9000 r--p 0001c000 08:05 1180358    /usr/lib/i386-linux-gnu/libxcb.so.1.1.0
009c9000-009ca000 rw-p 0001d000 08:05 1180358    /usr/lib/i386-linux-gnu/libxcb.so.1.1.0
009dc000-009de000 r-xp 00000000 08:05 1180062    /usr/lib/i386-linux-gnu/libXau.so.6.0.0
009de000-009df000 r--p 00001000 08:05 1180062    /usr/lib/i386-linux-gnu/libXau.so.6.0.0
009df000-009e0000 rw-p 00002000 08:05 1180062    /usr/lib/i386-linux-gnu/libXau.so.6.0.0
00a66000-00a6f000 r-xp 00000000 08:05 1180066    /usr/lib/i386-linux-gnu/libXcursor.so.1.0.2
00a6f000-00a70000 r--p 00008000 08:05 1180066    /usr/lib/i386-linux-gnu/libXcursor.so.1.0.2
00a70000-00a71000 rw-p 00009000 08:05 1180066    /usr/lib/i386-linux-gnu/libXcursor.so.1.0.2
00aa3000-00acb000 r-xp 00000000 08:05 1045445    /lib/i386-linux-gnu/libm-2.13.so
00acb000-00acc000 r--p 00028000 08:05 1045445    /lib/i386-linux-gnu/libm-2.13.so
00acc000-00acd000 rw-p 00029000 08:05 1045445    /lib/i386-linux-gnu/libm-2.13.so
00b61000-00b69000 r-xp 00000000 08:05 1045452    /lib/i386-linux-gnu/libnss_compat-2.13.so
00b69000-00b6a000 r--p 00007000 08:05 1045452    /lib/i386-linux-gnu/libnss_compat-2.13.so
00b6a000-00b6b000 rw-p 00008000 08:05 1045452    /lib/i386-linux-gnu/libnss_compat-2.13.so
00bb6000-00bcb000 r-xp 00000000 08:05 1045450    /lib/i386-linux-gnu/libnsl-2.13.so
00bcb000-00bcc000 r--p 00015000 08:05 1045450    /lib/i386-linux-gnu/libnsl-2.13.so
00bcc000-00bcd000 rw-p 00016000 08:05 1045450    /lib/i386-linux-gnu/libnsl-2.13.so
00bcd000-00bcf000 rw-p 00000000 00:00 0 
00ccb000-00cd4000 r-xp 00000000 08:05 1180084    /usr/lib/i386-linux-gnu/libXrender.so.1.3.0
00cd4000-00cd5000 r--p 00008000 08:05 1180084    /usr/lib/i386-linux-gnu/libXrender.so.1.3.0
00cd5000-00cd6000 rw-p 00009000 08:05 1180084    /usr/lib/i386-linux-gnu/libXrender.so.1.3.0
00cfc000-00d00000 r-xp 00000000 08:05 1189178    /usr/lib/jvm/java-6-openjdk/jre/lib/i386/jli/libjli.so
00d00000-00d01000 r--p 00003000 08:05 1189178    /usr/lib/jvm/java-6-openjdk/jre/lib/i386/jli/libjli.so
00d01000-00d02000 rw-p 00004000 08:05 1189178    /usr/lib/jvm/java-6-openjdk/jre/lib/i386/jli/libjli.so
00d60000-00d7c000 r-xp 00000000 08:05 1045436    /lib/i386-linux-gnu/libgcc_s.so.1
00d7c000-00d7d000 r--p 0001b000 08:05 1045436    /lib/i386-linux-gnu/libgcc_s.so.1
00d7d000-00d7e000 rw-p 0001c000 08:05 1045436    /lib/i386-linux-gnu/libgcc_s.so.1
00dc3000-00dd1000 r-xp 00000000 08:05 1180078    /usr/lib/i386-linux-gnu/libXi.so.6.1.0
00dd1000-00dd2000 r--p 0000d000 08:05 1180078    /usr/lib/i386-linux-gnu/libXi.so.6.1.0
00dd2000-00dd3000 rw-p 0000e000 08:05 1180078    /usr/lib/i386-linux-gnu/libXi.so.6.1.0
00e51000-00f2f000 r-xp 00000000 08:05 1180325    /usr/lib/i386-linux-gnu/libstdc++.so.6.0.16
00f2f000-00f30000 ---p 000de000 08:05 1180325    /usr/lib/i386-linux-gnu/libstdc++.so.6.0.16
00f30000-00f34000 r--p 000de000 08:05 1180325    /usr/lib/i386-linux-gnu/libstdc++.so.6.0.16
00f34000-00f35000 rw-p 000e2000 08:05 1180325    /usr/lib/i386-linux-gnu/libstdc++.so.6.0.16
00f35000-00f3c000 rw-p 00000000 00:00 0 
00f9e000-00fb5000 r-xp 00000000 08:05 1045475    /lib/i386-linux-gnu/libpthread-2.13.so
00fb5000-00fb6000 r--p 00016000 08:05 1045475    /lib/i386-linux-gnu/libpthread-2.13.so
00fb6000-00fb7000 rw-p 00017000 08:05 1045475    /lib/i386-linux-gnu/libpthread-2.13.so
00fb7000-00fb9000 rw-p 00000000 00:00 0 
00fb9000-014cc000 r-xp 00000000 08:05 1189173    /usr/lib/jvm/java-6-openjdk/jre/lib/i386/client/libjvm.so
014cc000-014e3000 r--p 00512000 08:05 1189173    /usr/lib/jvm/java-6-openjdk/jre/lib/i386/client/libjvm.so
014e3000-014f0000 rw-p 00529000 08:05 1189173    /usr/lib/jvm/java-6-openjdk/jre/lib/i386/client/libjvm.so
014f0000-01908000 rw-p 00000000 00:00 0 
08048000-08051000 r-xp 00000000 08:05 1189239    /usr/lib/jvm/java-6-openjdk/jre/bin/java
08051000-08052000 r--p 00008000 08:05 1189239    /usr/lib/jvm/java-6-openjdk/jre/bin/java
08052000-08053000 rw-p 00009000 08:05 1189239    /usr/lib/jvm/java-6-openjdk/jre/bin/java
098ee000-099be000 rw-p 00000000 00:00 0          [heap]
70b20000-71040000 rw-p 00000000 00:00 0 
71040000-7afc0000 rw-p 00000000 00:00 0 
7afc0000-7ba10000 rw-p 00000000 00:00 0 
7ba10000-8f920000 rw-p 00000000 00:00 0 
8f920000-90520000 rw-p 00000000 00:00 0 
90520000-93920000 rw-p 00000000 00:00 0 
93920000-94081000 r--s 00001000 08:05 1189860    /usr/lib/jvm/java-6-openjdk/jre/lib/i386/client/classes.jsa
94081000-94320000 rw-p 00000000 00:00 0 
94320000-94a6a000 rw-p 00762000 08:05 1189860    /usr/lib/jvm/java-6-openjdk/jre/lib/i386/client/classes.jsa
94a6a000-94f20000 rw-p 00000000 00:00 0 
94f20000-9501c000 rw-p 00eac000 08:05 1189860    /usr/lib/jvm/java-6-openjdk/jre/lib/i386/client/classes.jsa
9501c000-95320000 rw-p 00000000 00:00 0 
95320000-95328000 r-xs 00fa8000 08:05 1189860    /usr/lib/jvm/java-6-openjdk/jre/lib/i386/client/classes.jsa
95328000-95720000 rw-p 00000000 00:00 0 
b4b19000-b4b1c000 ---p 00000000 00:00 0 
b4b1c000-b4b6a000 rw-p 00000000 00:00 0 
b4b6a000-b4b6d000 ---p 00000000 00:00 0 
b4b6d000-b4bbb000 rw-p 00000000 00:00 0 
b4bbb000-b4bc2000 r--s 000fb000 08:05 1175865    /usr/lib/jvm/java-6-openjdk/jre/lib/resources.jar
b4bc2000-b4bc3000 r--s 00000000 08:05 1317631    /var/cache/fontconfig/c05880de57d1f5e948fdfacc138775d9-le32d4.cache-3
b4bc3000-b4bc9000 r--s 00000000 08:05 1317628    /var/cache/fontconfig/945677eb7aeaf62f1d50efc3fb3ec7d8-le32d4.cache-3
b4bc9000-b4bcb000 r--s 00000000 08:05 1317629    /var/cache/fontconfig/99e8ed0e538f840c565b6ed5dad60d56-le32d4.cache-3
b4bcb000-b4bce000 r--s 00000000 08:05 1317639    /var/cache/fontconfig/e383d7ea5fbe662a33d9b44caf393297-le32d4.cache-3
b4bce000-b4bd1000 r--s 00000000 08:05 1317616    /var/cache/fontconfig/2cd17615ca594fa2959ae173292e504c-le32d4.cache-3
b4bd1000-b4bd2000 r--s 00000000 08:05 1317640    /var/cache/fontconfig/e7071f4a29fa870f4323321c154eba04-le32d4.cache-3
b4bd2000-b4bd6000 r--s 00000000 08:05 1317625    /var/cache/fontconfig/6eb3985aa4124903f6ff08ba781cd364-le32d4.cache-3
b4bd6000-b4bd7000 r--s 00000000 08:05 1317620    /var/cache/fontconfig/4c73fe0c47614734b17d736dbde7580a-le32d4.cache-3
b4bd7000-b4bd8000 r--s 00000000 08:05 1317613    /var/cache/fontconfig/0d8c3b2ac0904cb8a57a757ad11a4a08-le32d4.cache-3
b4bd8000-b4bd9000 r--s 00000000 08:05 1317623    /var/cache/fontconfig/6a53c69dea097a2d716e069445527da8-le32d4.cache-3
b4bd9000-b4bdd000 r--s 00000000 08:05 1317630    /var/cache/fontconfig/a755afe4a08bf5b97852ceb7400b47bc-le32d4.cache-3
b4bdd000-b4be4000 r--s 00000000 08:05 1310748    /var/cache/fontconfig/6d41288fd70b0be22e8c3a91e032eec0-le32d4.cache-3
b4be4000-b4bef000 r--s 00000000 08:05 1317614    /var/cache/fontconfig/0f34bcd4b6ee430af32735b75db7f02b-le32d4.cache-3
b4bef000-b4bf2000 r--s 00000000 08:05 1317636    /var/cache/fontconfig/d60319d88cac85ba9e1a07bd06cfbb8c-le32d4.cache-3
b4bf2000-b4bf3000 r--s 00000000 08:05 1317618    /var/cache/fontconfig/4794a0821666d79190d59a36cb4f44b5-le32d4.cache-3
b4bf3000-b4bf8000 r--s 00000000 08:05 1318983    /var/cache/fontconfig/ce677e824a231659fde4a3a246a10ea3-le32d4.cache-3
b4bf8000-b4c05000 r--s 00000000 08:05 1317635    /var/cache/fontconfig/d52a8644073d54c13679302ca1180695-le32d4.cache-3
b4c05000-b4c07000 r--s 00000000 08:05 1310746    /var/cache/fontconfig/e13b20fdb08344e0e664864cc2ede53d-le32d4.cache-3
b4c07000-b4c0a000 r--s 00000000 08:05 1318982    /var/cache/fontconfig/7ef2298fde41cc6eeb7af42e48b7d293-le32d4.cache-3
b4c0a000-b4c0b000 r--s 00000000 08:05 1317631    /var/cache/fontconfig/c05880de57d1f5e948fdfacc138775d9-le32d4.cache-3
b4c0b000-b4c11000 r--s 00000000 08:05 1317628    /var/cache/fontconfig/945677eb7aeaf62f1d50efc3fb3ec7d8-le32d4.cache-3
b4c11000-b4c13000 r--s 00000000 08:05 1317629    /var/cache/fontconfig/99e8ed0e538f840c565b6ed5dad60d56-le32d4.cache-3
b4c13000-b4c16000 r--s 00000000 08:05 1317639    /var/cache/fontconfig/e383d7ea5fbe662a33d9b44caf393297-le32d4.cache-3
b4c16000-b4c19000 r--s 00000000 08:05 1317616    /var/cache/fontconfig/2cd17615ca594fa2959ae173292e504c-le32d4.cache-3
b4c19000-b4c1a000 r--s 00000000 08:05 1317640    /var/cache/fontconfig/e7071f4a29fa870f4323321c154eba04-le32d4.cache-3
b4c1a000-b4c1e000 r--s 00000000 08:05 1317625    /var/cache/fontconfig/6eb3985aa4124903f6ff08ba781cd364-le32d4.cache-3
b4c1e000-b4c1f000 r--s 00000000 08:05 1317620    /var/cache/fontconfig/4c73fe0c47614734b17d736dbde7580a-le32d4.cache-3
b4c1f000-b4c20000 r--s 00000000 08:05 1317613    /var/cache/fontconfig/0d8c3b2ac0904cb8a57a757ad11a4a08-le32d4.cache-3
b4c20000-b4c21000 r--s 00000000 08:05 1317623    /var/cache/fontconfig/6a53c69dea097a2d716e069445527da8-le32d4.cache-3
b4c21000-b4c25000 r--s 00000000 08:05 1317630    /var/cache/fontconfig/a755afe4a08bf5b97852ceb7400b47bc-le32d4.cache-3
b4c25000-b4c2c000 r--s 00000000 08:05 1310748    /var/cache/fontconfig/6d41288fd70b0be22e8c3a91e032eec0-le32d4.cache-3
b4c2c000-b4c37000 r--s 00000000 08:05 1317614    /var/cache/fontconfig/0f34bcd4b6ee430af32735b75db7f02b-le32d4.cache-3
b4c37000-b4c3a000 r--s 00000000 08:05 1317636    /var/cache/fontconfig/d60319d88cac85ba9e1a07bd06cfbb8c-le32d4.cache-3
b4c3a000-b4c3b000 r--s 00000000 08:05 1317618    /var/cache/fontconfig/4794a0821666d79190d59a36cb4f44b5-le32d4.cache-3
b4c3b000-b4c40000 r--s 00000000 08:05 1318983    /var/cache/fontconfig/ce677e824a231659fde4a3a246a10ea3-le32d4.cache-3
b4c40000-b4c4d000 r--s 00000000 08:05 1317635    /var/cache/fontconfig/d52a8644073d54c13679302ca1180695-le32d4.cache-3
b4c4d000-b4c4f000 r--s 00000000 08:05 1310746    /var/cache/fontconfig/e13b20fdb08344e0e664864cc2ede53d-le32d4.cache-3
b4c4f000-b4c52000 r--s 00000000 08:05 1318982    /var/cache/fontconfig/7ef2298fde41cc6eeb7af42e48b7d293-le32d4.cache-3
b4c52000-b4c55000 ---p 00000000 00:00 0 
b4c55000-b4ca3000 rw-p 00000000 00:00 0 
b4ca3000-b4cab000 r--s 00066000 08:05 148640     /usr/share/java/gnome-java-bridge.jar
b4cab000-b4cac000 ---p 00000000 00:00 0 
b4cac000-b4d2c000 rw-p 00000000 00:00 0 
b4d2c000-b4d2f000 ---p 00000000 00:00 0 
b4d2f000-b4d7d000 rw-p 00000000 00:00 0 
b4d7d000-b4eaf000 r--p 0018a000 08:05 1180545    /usr/lib/locale/locale-archive
b4eaf000-b50af000 r--p 00000000 08:05 1180545    /usr/lib/locale/locale-archive
b50af000-b50b2000 ---p 00000000 00:00 0 
b50b2000-b5100000 rw-p 00000000 00:00 0 
b5100000-b51f7000 rw-p 00000000 00:00 0 
b51f7000-b5200000 ---p 00000000 00:00 0 
b5200000-b5201000 r--p 00000000 00:00 0 
b5201000-b5204000 ---p 00000000 00:00 0 
b5204000-b5282000 rw-p 00000000 00:00 0 
b5282000-b5285000 ---p 00000000 00:00 0 
b5285000-b52d3000 rw-p 00000000 00:00 0 
b52d3000-b52d6000 ---p 00000000 00:00 0 
b52d6000-b5324000 rw-p 00000000 00:00 0 
b5324000-b5325000 ---p 00000000 00:00 0 
b5325000-b53d8000 rw-p 00000000 00:00 0 
b53d8000-b5568000 r--s 037b6000 08:05 1189170    /usr/lib/jvm/java-6-openjdk/jre/lib/rt.jar
b5568000-b5576000 rw-p 00000000 00:00 0 
b5576000-b5590000 rw-p 00000000 00:00 0 
b5590000-b5596000 rw-p 00000000 00:00 0 
b5596000-b5635000 rw-p 00000000 00:00 0 
b5635000-b5638000 rw-p 00000000 00:00 0 
b5638000-b5687000 rw-p 00000000 00:00 0 
b5687000-b568d000 rw-p 00000000 00:00 0 
b568d000-b572c000 rw-p 00000000 00:00 0 
b572c000-b5732000 rw-p 00000000 00:00 0 
b5732000-b574c000 rw-p 00000000 00:00 0 
b574c000-b575b000 rw-p 00000000 00:00 0 
b575b000-b57d8000 rw-p 00000000 00:00 0 
b57d8000-b5880000 rwxp 00000000 00:00 0 
b5880000-b77d8000 rw-p 00000000 00:00 0 
b77d8000-b77db000 ---p 00000000 00:00 0 
b77db000-b782c000 rw-p 00000000 00:00 0 
b782c000-b782e000 r--s 0000f000 08:05 1175847    /usr/lib/jvm/java-6-openjdk/jre/lib/ext/pulse-java.jar
b782e000-b7834000 rw-p 00000000 00:00 0 
b7834000-b783c000 rw-s 00000000 08:05 783383     /tmp/hsperfdata_lars/2740
b783c000-b783d000 rw-p 00000000 00:00 0 
b783d000-b783e000 r--p 00000000 00:00 0 
b783e000-b7840000 rw-p 00000000 00:00 0 
bfc14000-bfc35000 rw-p 00000000 00:00 0          [stack]

VM Arguments:
jvm_args: -Dfile.encoding=UTF-8 
java_command: net.bplaced.programmierung.schach.Start
Launcher Type: SUN_STANDARD

Environment Variables:
PATH=/usr/lib/lightdm/lightdm:/usr/local/sbin:/usr/local/bin:/usr/sbin:/usr/bin:/sbin:/bin:/usr/games
USERNAME=lars
LD_LIBRARY_PATH=/usr/lib/jvm/java-6-openjdk/jre/lib/i386/client:/usr/lib/jvm/java-6-openjdk/jre/lib/i386:/usr/lib/jvm/java-6-openjdk/jre/../lib/i386:/usr/lib/jvm/java-6-openjdk/jre/lib/i386/client:/usr/lib/jvm/java-6-openjdk/jre/lib/i386:
SHELL=/bin/bash
DISPLAY=:0

Signal Handlers:
SIGSEGV: [libjvm.so+0x3e3640], sa_mask[0]=0x7ffbfeff, sa_flags=0x10000004
SIGBUS: [libjvm.so+0x3e3640], sa_mask[0]=0x7ffbfeff, sa_flags=0x10000004
SIGFPE: [libjvm.so+0x300e10], sa_mask[0]=0x7ffbfeff, sa_flags=0x10000004
SIGPIPE: [libjvm.so+0x300e10], sa_mask[0]=0x7ffbfeff, sa_flags=0x10000004
SIGXFSZ: [libjvm.so+0x300e10], sa_mask[0]=0x7ffbfeff, sa_flags=0x10000004
SIGILL: [libjvm.so+0x300e10], sa_mask[0]=0x7ffbfeff, sa_flags=0x10000004
SIGUSR1: SIG_DFL, sa_mask[0]=0x00000000, sa_flags=0x00000000
SIGUSR2: [libjvm.so+0x300ca0], sa_mask[0]=0x00000004, sa_flags=0x10000004
SIGHUP: [libjvm.so+0x303d40], sa_mask[0]=0x7ffbfeff, sa_flags=0x10000004
SIGINT: [libjvm.so+0x303d40], sa_mask[0]=0x7ffbfeff, sa_flags=0x10000004
SIGTERM: [libjvm.so+0x303d40], sa_mask[0]=0x7ffbfeff, sa_flags=0x10000004
SIGQUIT: [libjvm.so+0x303d40], sa_mask[0]=0x7ffbfeff, sa_flags=0x10000004


---------------  S Y S T E M  ---------------

OS:Ubuntu 11.10 (oneiric)
uname:Linux 3.0.0-12-generic #20-Ubuntu SMP Fri Oct 7 14:50:42 UTC 2011 i686
libc:glibc 2.13 NPTL 2.13 
rlimit: STACK 8192k, CORE 0k, NPROC 7763, NOFILE 4096, AS infinity
load average:0.15 0.10 0.11

/proc/meminfo:
MemTotal:        1007760 kB
MemFree:           88984 kB
Buffers:           20228 kB
Cached:           379228 kB
SwapCached:         3792 kB
Active:           384472 kB
Inactive:         454756 kB
Active(anon):     215144 kB
Inactive(anon):   226188 kB
Active(file):     169328 kB
Inactive(file):   228568 kB
Unevictable:           0 kB
Mlocked:               0 kB
HighTotal:        120920 kB
HighFree:           1612 kB
LowTotal:         886840 kB
LowFree:           87372 kB
SwapTotal:        999420 kB
SwapFree:         988272 kB
Dirty:               252 kB
Writeback:             0 kB
AnonPages:        437428 kB
Mapped:           117744 kB
Shmem:              1584 kB
Slab:              25216 kB
SReclaimable:      13536 kB
SUnreclaim:        11680 kB
KernelStack:        2736 kB
PageTables:         5704 kB
NFS_Unstable:          0 kB
Bounce:                0 kB
WritebackTmp:          0 kB
CommitLimit:     1503300 kB
Committed_AS:    1929756 kB
VmallocTotal:     122880 kB
VmallocUsed:       79440 kB
VmallocChunk:      27132 kB
HardwareCorrupted:     0 kB
AnonHugePages:         0 kB
HugePages_Total:       0
HugePages_Free:        0
HugePages_Rsvd:        0
HugePages_Surp:        0
Hugepagesize:       4096 kB
DirectMap4k:       98296 kB
DirectMap4M:      811008 kB


CPU:total 2 (2 cores per cpu, 1 threads per core) family 6 model 15 stepping 2, cmov, cx8, fxsr, mmx, sse, sse2, sse3, ssse3

Memory: 4k page, physical 1007760k(88984k free), swap 999420k(988272k free)

vm_info: OpenJDK Client VM (20.0-b11) for linux-x86 JRE (1.6.0_23-b23), built on Oct  4 2011 14:32:59 by "buildd" with gcc 4.6.1

time: Thu Nov  3 18:24:07 2011
elapsed time: 0 seconds

